<?xml version="1.0" encoding="UTF-8"?>
<testng-results ignored="0" total="2" passed="2" failed="0" skipped="0">
  <reporter-output>
    <line>
      <![CDATA[Valid]]>
    </line>
    <line>
      <![CDATA[Invalid]]>
    </line>
  </reporter-output>
  <suite started-at="2023-03-28T20:26:58 IST" name="Default suite" finished-at="2023-03-28T20:26:58 IST" duration-ms="36">
    <groups>
    </groups>
    <test started-at="2023-03-28T20:26:58 IST" name="Default test" finished-at="2023-03-28T20:26:58 IST" duration-ms="36">
      <class name="TestNG.Testsuite1">
        <test-method signature="script1()[pri:0, instance:TestNG.Testsuite1@a2431d0]" started-at="2023-03-28T20:26:58 IST" name="script1" finished-at="2023-03-28T20:26:58 IST" duration-ms="9" status="PASS">
          <reporter-output>
            <line>
              <![CDATA[Valid]]>
            </line>
          </reporter-output>
        </test-method> <!-- script1 -->
        <test-method signature="script2()[pri:0, instance:TestNG.Testsuite1@a2431d0]" started-at="2023-03-28T20:26:58 IST" name="script2" finished-at="2023-03-28T20:26:58 IST" duration-ms="2" status="PASS">
          <reporter-output>
            <line>
              <![CDATA[Invalid]]>
            </line>
          </reporter-output>
        </test-method> <!-- script2 -->
      </class> <!-- TestNG.Testsuite1 -->
    </test> <!-- Default test -->
  </suite> <!-- Default suite -->
</testng-results>
